# JRE version: OpenJDK Runtime Environment (8.0_76-b03) (build 1.8.0_76-release-b03)
# Java VM: OpenJDK 64-Bit Server VM (25.76-b03 mixed mode windows-amd64 compressed oops)
Heap:
 PSYoungGen      total 267264K, used 49689K [0x00000000e0000000, 0x00000000f3d80000, 0x0000000100000000)
  eden space 248320K, 20% used [0x00000000e0000000,0x00000000e3086448,0x00000000ef280000)
  from space 18944K, 0% used [0x00000000ef280000,0x00000000ef280000,0x00000000f0500000)
  to   space 38400K, 0% used [0x00000000f1800000,0x00000000f1800000,0x00000000f3d80000)
 ParOldGen       total 212480K, used 35460K [0x00000000a0000000, 0x00000000acf80000, 0x00000000e0000000)
  object space 212480K, 16% used [0x00000000a0000000,0x00000000a22a11b8,0x00000000acf80000)
 Metaspace       used 64652K, capacity 66412K, committed 66608K, reserved 1107968K
  class space    used 8291K, capacity 8646K, committed 8752K, reserved 1048576K
GC Heap History (10 events):
Event: 129.366 GC heap before
{Heap before GC invocations=35 (full 5):
 PSYoungGen      total 257536K, used 26838K [0x00000000e0000000, 0x00000000f2880000, 0x0000000100000000)
  eden space 221696K, 0% used [0x00000000e0000000,0x00000000e0000000,0x00000000ed880000)
  from space 35840K, 74% used [0x00000000efe00000,0x00000000f1835a10,0x00000000f2100000)
  to   space 38400K, 0% used [0x00000000ed880000,0x00000000ed880000,0x00000000efe00000)
 ParOldGen       total 137728K, used 130616K [0x00000000a0000000, 0x00000000a8680000, 0x00000000e0000000)
  object space 137728K, 94% used [0x00000000a0000000,0x00000000a7f8e058,0x00000000a8680000)
 Metaspace       used 61830K, capacity 63478K, committed 63664K, reserved 1103872K
  class space    used 7971K, capacity 8353K, committed 8368K, reserved 1048576K
Event: 130.802 GC heap after
Heap after GC invocations=35 (full 5):
 PSYoungGen      total 257536K, used 681K [0x00000000e0000000, 0x00000000f2880000, 0x0000000100000000)
  eden space 221696K, 0% used [0x00000000e0000000,0x00000000e0000000,0x00000000ed880000)
  from space 35840K, 1% used [0x00000000efe00000,0x00000000efeaa550,0x00000000f2100000)
  to   space 38400K, 0% used [0x00000000ed880000,0x00000000ed880000,0x00000000efe00000)
 ParOldGen       total 212480K, used 137496K [0x00000000a0000000, 0x00000000acf80000, 0x00000000e0000000)
  object space 212480K, 64% used [0x00000000a0000000,0x00000000a8646220,0x00000000acf80000)
 Metaspace       used 61830K, capacity 63478K, committed 63664K, reserved 1103872K
  class space    used 7971K, capacity 8353K, committed 8368K, reserved 1048576K
}
Event: 132.541 GC heap before
{Heap before GC invocations=36 (full 5):
 PSYoungGen      total 257536K, used 222377K [0x00000000e0000000, 0x00000000f2880000, 0x0000000100000000)
  eden space 221696K, 100% used [0x00000000e0000000,0x00000000ed880000,0x00000000ed880000)
  from space 35840K, 1% used [0x00000000efe00000,0x00000000efeaa550,0x00000000f2100000)
  to   space 38400K, 0% used [0x00000000ed880000,0x00000000ed880000,0x00000000efe00000)
 ParOldGen       total 212480K, used 137496K [0x00000000a0000000, 0x00000000acf80000, 0x00000000e0000000)
  object space 212480K, 64% used [0x00000000a0000000,0x00000000a8646220,0x00000000acf80000)
 Metaspace       used 61914K, capacity 63542K, committed 63664K, reserved 1103872K
  class space    used 7971K, capacity 8353K, committed 8368K, reserved 1048576K
Event: 132.668 GC heap after
Heap after GC invocations=36 (full 5):
 PSYoungGen      total 260096K, used 26303K [0x00000000e0000000, 0x00000000f4280000, 0x0000000100000000)
  eden space 221696K, 0% used [0x00000000e0000000,0x00000000e0000000,0x00000000ed880000)
  from space 38400K, 68% used [0x00000000ed880000,0x00000000ef22fdc8,0x00000000efe00000)
  to   space 39936K, 0% used [0x00000000f1b80000,0x00000000f1b80000,0x00000000f4280000)
 ParOldGen       total 212480K, used 137601K [0x00000000a0000000, 0x00000000acf80000, 0x00000000e0000000)
  object space 212480K, 64% used [0x00000000a0000000,0x00000000a86605b8,0x00000000acf80000)
 Metaspace       used 61914K, capacity 63542K, committed 63664K, reserved 1103872K
  class space    used 7971K, capacity 8353K, committed 8368K, reserved 1048576K
}
Event: 134.827 GC heap before
{Heap before GC invocations=37 (full 5):
 PSYoungGen      total 260096K, used 247712K [0x00000000e0000000, 0x00000000f4280000, 0x0000000100000000)
  eden space 221696K, 99% used [0x00000000e0000000,0x00000000ed838248,0x00000000ed880000)
  from space 38400K, 68% used [0x00000000ed880000,0x00000000ef22fdc8,0x00000000efe00000)
  to   space 39936K, 0% used [0x00000000f1b80000,0x00000000f1b80000,0x00000000f4280000)
 ParOldGen       total 212480K, used 137601K [0x00000000a0000000, 0x00000000acf80000, 0x00000000e0000000)
  object space 212480K, 64% used [0x00000000a0000000,0x00000000a86605b8,0x00000000acf80000)
 Metaspace       used 62991K, capacity 64696K, committed 64816K, reserved 1105920K
  class space    used 8113K, capacity 8496K, committed 8496K, reserved 1048576K
Event: 134.900 GC heap after
Heap after GC invocations=37 (full 5):
 PSYoungGen      total 286208K, used 23141K [0x00000000e0000000, 0x00000000f4080000, 0x0000000100000000)
  eden space 248320K, 0% used [0x00000000e0000000,0x00000000e0000000,0x00000000ef280000)
  from space 37888K, 61% used [0x00000000f1b80000,0x00000000f3219420,0x00000000f4080000)
  to   space 39936K, 0% used [0x00000000ef280000,0x00000000ef280000,0x00000000f1980000)
 ParOldGen       total 212480K, used 137609K [0x00000000a0000000, 0x00000000acf80000, 0x00000000e0000000)
  object space 212480K, 64% used [0x00000000a0000000,0x00000000a86625b8,0x00000000acf80000)
 Metaspace       used 62991K, capacity 64696K, committed 64816K, reserved 1105920K
  class space    used 8113K, capacity 8496K, committed 8496K, reserved 1048576K
}
Event: 137.178 GC heap before
{Heap before GC invocations=38 (full 5):
 PSYoungGen      total 286208K, used 258254K [0x00000000e0000000, 0x00000000f4080000, 0x0000000100000000)
  eden space 248320K, 94% used [0x00000000e0000000,0x00000000ee59a6f8,0x00000000ef280000)
  from space 37888K, 61% used [0x00000000f1b80000,0x00000000f3219420,0x00000000f4080000)
  to   space 39936K, 0% used [0x00000000ef280000,0x00000000ef280000,0x00000000f1980000)
 ParOldGen       total 212480K, used 137609K [0x00000000a0000000, 0x00000000acf80000, 0x00000000e0000000)
  object space 212480K, 64% used [0x00000000a0000000,0x00000000a86625b8,0x00000000acf80000)
 Metaspace       used 64446K, capacity 66060K, committed 66352K, reserved 1107968K
  class space    used 8275K, capacity 8626K, committed 8752K, reserved 1048576K
Event: 137.224 GC heap after
Heap after GC invocations=38 (full 5):
 PSYoungGen      total 267264K, used 18568K [0x00000000e0000000, 0x00000000f3d80000, 0x0000000100000000)
  eden space 248320K, 0% used [0x00000000e0000000,0x00000000e0000000,0x00000000ef280000)
  from space 18944K, 98% used [0x00000000ef280000,0x00000000f04a2188,0x00000000f0500000)
  to   space 38400K, 0% used [0x00000000f1800000,0x00000000f1800000,0x00000000f3d80000)
 ParOldGen       total 212480K, used 137617K [0x00000000a0000000, 0x00000000acf80000, 0x00000000e0000000)
  object space 212480K, 64% used [0x00000000a0000000,0x00000000a86645b8,0x00000000acf80000)
 Metaspace       used 64446K, capacity 66060K, committed 66352K, reserved 1107968K
  class space    used 8275K, capacity 8626K, committed 8752K, reserved 1048576K
}
Event: 137.224 GC heap before
{Heap before GC invocations=39 (full 6):
 PSYoungGen      total 267264K, used 18568K [0x00000000e0000000, 0x00000000f3d80000, 0x0000000100000000)
  eden space 248320K, 0% used [0x00000000e0000000,0x00000000e0000000,0x00000000ef280000)
  from space 18944K, 98% used [0x00000000ef280000,0x00000000f04a2188,0x00000000f0500000)
  to   space 38400K, 0% used [0x00000000f1800000,0x00000000f1800000,0x00000000f3d80000)
 ParOldGen       total 212480K, used 137617K [0x00000000a0000000, 0x00000000acf80000, 0x00000000e0000000)
  object space 212480K, 64% used [0x00000000a0000000,0x00000000a86645b8,0x00000000acf80000)
 Metaspace       used 64446K, capacity 66060K, committed 66352K, reserved 1107968K
  class space    used 8275K, capacity 8626K, committed 8752K, reserved 1048576K
Event: 137.634 GC heap after
Heap after GC invocations=39 (full 6):
 PSYoungGen      total 267264K, used 0K [0x00000000e0000000, 0x00000000f3d80000, 0x0000000100000000)
  eden space 248320K, 0% used [0x00000000e0000000,0x00000000e0000000,0x00000000ef280000)
  from space 18944K, 0% used [0x00000000ef280000,0x00000000ef280000,0x00000000f0500000)
  to   space 38400K, 0% used [0x00000000f1800000,0x00000000f1800000,0x00000000f3d80000)
 ParOldGen       total 212480K, used 35460K [0x00000000a0000000, 0x00000000acf80000, 0x00000000e0000000)
  object space 212480K, 16% used [0x00000000a0000000,0x00000000a22a11b8,0x00000000acf80000)
 Metaspace       used 64446K, capacity 66060K, committed 66352K, reserved 1107968K
  class space    used 8275K, capacity 8626K, committed 8752K, reserved 1048576K
}

